<?xml version="1.0" encoding="UTF-8"?>
<testsuite xmlns:xsi="http://www.w3.org/2001/XMLSchema-instance" xsi:noNamespaceSchemaLocation="https://maven.apache.org/surefire/maven-surefire-plugin/xsd/surefire-test-report.xsd" name="FlowDroid.RainTest" time="0.337" tests="1" errors="0" skipped="0" failures="0">
  <properties>
    <property name="java.specification.version" value="17"/>
    <property name="sun.cpu.isalist" value="amd64"/>
    <property name="sun.jnu.encoding" value="UTF-8"/>
    <property name="java.class.path" value="D:\ISCAS\myTools\FlowSlicer_with_experiments\FlowSlicer\target\test-classes;D:\ISCAS\myTools\FlowSlicer_with_experiments\FlowSlicer\target\classes;C:\Users\l&apos;x\.m2\repository\commons-cli\commons-cli\1.5.0\commons-cli-1.5.0.jar;C:\Users\l&apos;x\.m2\repository\de\fraunhofer\sit\sse\flowdroid\soot-infoflow\2.12.0\soot-infoflow-2.12.0.jar;C:\Users\l&apos;x\.m2\repository\de\upb\cs\swt\heros\1.2.3\heros-1.2.3.jar;C:\Users\l&apos;x\.m2\repository\org\functionaljava\functionaljava\4.2\functionaljava-4.2.jar;C:\Users\l&apos;x\.m2\repository\org\soot-oss\soot\4.4.1\soot-4.4.1.jar;C:\Users\l&apos;x\.m2\repository\org\smali\dexlib2\2.5.2\dexlib2-2.5.2.jar;C:\Users\l&apos;x\.m2\repository\org\ow2\asm\asm\9.4\asm-9.4.jar;C:\Users\l&apos;x\.m2\repository\org\ow2\asm\asm-tree\9.4\asm-tree-9.4.jar;C:\Users\l&apos;x\.m2\repository\org\ow2\asm\asm-util\9.4\asm-util-9.4.jar;C:\Users\l&apos;x\.m2\repository\org\ow2\asm\asm-analysis\9.4\asm-analysis-9.4.jar;C:\Users\l&apos;x\.m2\repository\org\ow2\asm\asm-commons\9.4\asm-commons-9.4.jar;C:\Users\l&apos;x\.m2\repository\xmlpull\xmlpull\1.1.3.4d_b4_min\xmlpull-1.1.3.4d_b4_min.jar;C:\Users\l&apos;x\.m2\repository\ca\mcgill\sable\polyglot\2006\polyglot-2006.jar;C:\Users\l&apos;x\.m2\repository\ca\mcgill\sable\jasmin\3.0.3\jasmin-3.0.3.jar;C:\Users\l&apos;x\.m2\repository\ca\mcgill\sable\java_cup\0.9.2\java_cup-0.9.2.jar;C:\Users\l&apos;x\.m2\repository\javax\annotation\javax.annotation-api\1.3.2\javax.annotation-api-1.3.2.jar;C:\Users\l&apos;x\.m2\repository\javax\xml\bind\jaxb-api\2.4.0-b180725.0427\jaxb-api-2.4.0-b180725.0427.jar;C:\Users\l&apos;x\.m2\repository\javax\activation\javax.activation-api\1.2.0\javax.activation-api-1.2.0.jar;C:\Users\l&apos;x\.m2\repository\org\glassfish\jaxb\jaxb-runtime\2.4.0-b180830.0438\jaxb-runtime-2.4.0-b180830.0438.jar;C:\Users\l&apos;x\.m2\repository\org\glassfish\jaxb\txw2\2.4.0-b180830.0438\txw2-2.4.0-b180830.0438.jar;C:\Users\l&apos;x\.m2\repository\com\sun\istack\istack-commons-runtime\3.0.7\istack-commons-runtime-3.0.7.jar;C:\Users\l&apos;x\.m2\repository\org\jvnet\staxex\stax-ex\1.8\stax-ex-1.8.jar;C:\Users\l&apos;x\.m2\repository\com\sun\xml\fastinfoset\FastInfoset\1.2.15\FastInfoset-1.2.15.jar;C:\Users\l&apos;x\.m2\repository\com\google\protobuf\protobuf-java-util\3.21.2\protobuf-java-util-3.21.2.jar;C:\Users\l&apos;x\.m2\repository\com\google\code\gson\gson\2.8.9\gson-2.8.9.jar;C:\Users\l&apos;x\.m2\repository\net\sf\trove4j\trove4j\3.0.3\trove4j-3.0.3.jar;C:\Users\l&apos;x\.m2\repository\com\google\guava\guava\31.1-jre\guava-31.1-jre.jar;C:\Users\l&apos;x\.m2\repository\com\google\guava\failureaccess\1.0.1\failureaccess-1.0.1.jar;C:\Users\l&apos;x\.m2\repository\com\google\guava\listenablefuture\9999.0-empty-to-avoid-conflict-with-guava\listenablefuture-9999.0-empty-to-avoid-conflict-with-guava.jar;C:\Users\l&apos;x\.m2\repository\org\checkerframework\checker-qual\3.12.0\checker-qual-3.12.0.jar;C:\Users\l&apos;x\.m2\repository\com\google\errorprone\error_prone_annotations\2.11.0\error_prone_annotations-2.11.0.jar;C:\Users\l&apos;x\.m2\repository\com\google\j2objc\j2objc-annotations\1.3\j2objc-annotations-1.3.jar;C:\Users\l&apos;x\.m2\repository\de\fraunhofer\sit\sse\flowdroid\soot-infoflow-summaries\2.12.0\soot-infoflow-summaries-2.12.0.jar;C:\Users\l&apos;x\.m2\repository\de\fraunhofer\sit\sse\flowdroid\soot-infoflow-android\2.12.0\soot-infoflow-android-2.12.0.jar;C:\Users\l&apos;x\.m2\repository\de\upb\cs\swt\axml\2.1.3\axml-2.1.3.jar;C:\Users\l&apos;x\.m2\repository\com\google\protobuf\protobuf-java\3.21.12\protobuf-java-3.21.12.jar;C:\Users\l&apos;x\.m2\repository\com\esotericsoftware\kryo\5.4.0\kryo-5.4.0.jar;C:\Users\l&apos;x\.m2\repository\com\esotericsoftware\reflectasm\1.11.9\reflectasm-1.11.9.jar;C:\Users\l&apos;x\.m2\repository\org\objenesis\objenesis\3.3\objenesis-3.3.jar;C:\Users\l&apos;x\.m2\repository\com\esotericsoftware\minlog\1.3.1\minlog-1.3.1.jar;C:\Users\l&apos;x\.m2\repository\com\sun\xml\bind\jaxb-impl\2.3.4\jaxb-impl-2.3.4.jar;C:\Users\l&apos;x\.m2\repository\jakarta\xml\bind\jakarta.xml.bind-api\2.3.3\jakarta.xml.bind-api-2.3.3.jar;C:\Users\l&apos;x\.m2\repository\com\sun\activation\jakarta.activation\1.2.2\jakarta.activation-1.2.2.jar;C:\Users\l&apos;x\.m2\repository\org\apache\commons\commons-lang3\3.12.0\commons-lang3-3.12.0.jar;C:\Users\l&apos;x\.m2\repository\junit\junit\4.13.2\junit-4.13.2.jar;C:\Users\l&apos;x\.m2\repository\org\hamcrest\hamcrest-core\1.3\hamcrest-core-1.3.jar;C:\Users\l&apos;x\.m2\repository\com\alibaba\fastjson\1.2.83\fastjson-1.2.83.jar;C:\Users\l&apos;x\.m2\repository\org\dom4j\dom4j\2.1.3\dom4j-2.1.3.jar;C:\Users\l&apos;x\.m2\repository\org\junit\jupiter\junit-jupiter\5.9.0\junit-jupiter-5.9.0.jar;C:\Users\l&apos;x\.m2\repository\org\junit\jupiter\junit-jupiter-params\5.9.0\junit-jupiter-params-5.9.0.jar;C:\Users\l&apos;x\.m2\repository\org\junit\jupiter\junit-jupiter-engine\5.9.0\junit-jupiter-engine-5.9.0.jar;C:\Users\l&apos;x\.m2\repository\org\junit\platform\junit-platform-engine\1.9.0\junit-platform-engine-1.9.0.jar;C:\Users\l&apos;x\.m2\repository\org\testng\testng\7.7.0\testng-7.7.0.jar;C:\Users\l&apos;x\.m2\repository\com\beust\jcommander\1.82\jcommander-1.82.jar;C:\Users\l&apos;x\.m2\repository\org\webjars\jquery\3.6.1\jquery-3.6.1.jar;C:\Users\l&apos;x\.m2\repository\org\projectlombok\lombok\1.18.28\lombok-1.18.28.jar;C:\Users\l&apos;x\.m2\repository\ch\qos\logback\logback-core\1.2.10\logback-core-1.2.10.jar;C:\Users\l&apos;x\.m2\repository\ch\qos\logback\logback-classic\1.2.10\logback-classic-1.2.10.jar;C:\Users\l&apos;x\.m2\repository\org\slf4j\slf4j-api\1.7.32\slf4j-api-1.7.32.jar;C:\Users\l&apos;x\.m2\repository\org\junit\jupiter\junit-jupiter-api\5.9.0\junit-jupiter-api-5.9.0.jar;C:\Users\l&apos;x\.m2\repository\org\opentest4j\opentest4j\1.2.0\opentest4j-1.2.0.jar;C:\Users\l&apos;x\.m2\repository\org\junit\platform\junit-platform-commons\1.9.0\junit-platform-commons-1.9.0.jar;C:\Users\l&apos;x\.m2\repository\org\apiguardian\apiguardian-api\1.1.2\apiguardian-api-1.1.2.jar;C:\Users\l&apos;x\.m2\repository\org\jetbrains\annotations\26.0.2\annotations-26.0.2.jar;C:\Users\l&apos;x\.m2\repository\guru\nidi\graphviz-java\0.18.1\graphviz-java-0.18.1.jar;C:\Users\l&apos;x\.m2\repository\org\webjars\npm\viz.js-graphviz-java\2.1.3\viz.js-graphviz-java-2.1.3.jar;C:\Users\l&apos;x\.m2\repository\guru\nidi\com\kitfox\svgSalamander\1.1.3\svgSalamander-1.1.3.jar;C:\Users\l&apos;x\.m2\repository\net\arnx\nashorn-promise\0.1.1\nashorn-promise-0.1.1.jar;C:\Users\l&apos;x\.m2\repository\org\apache\commons\commons-exec\1.3\commons-exec-1.3.jar;C:\Users\l&apos;x\.m2\repository\com\google\code\findbugs\jsr305\3.0.2\jsr305-3.0.2.jar;C:\Users\l&apos;x\.m2\repository\org\slf4j\jcl-over-slf4j\1.7.30\jcl-over-slf4j-1.7.30.jar;C:\Users\l&apos;x\.m2\repository\org\slf4j\jul-to-slf4j\1.7.30\jul-to-slf4j-1.7.30.jar;C:\Users\l&apos;x\.m2\repository\guru\nidi\com\eclipsesource\j2v8\j2v8_win32_x86_64\4.6.0\j2v8_win32_x86_64-4.6.0.jar;C:\Users\l&apos;x\.m2\repository\net\dongliu\apk-parser\2.6.10\apk-parser-2.6.10.jar;C:\Users\l&apos;x\.m2\repository\org\apache\poi\poi\5.2.3\poi-5.2.3.jar;C:\Users\l&apos;x\.m2\repository\commons-codec\commons-codec\1.15\commons-codec-1.15.jar;C:\Users\l&apos;x\.m2\repository\org\apache\commons\commons-collections4\4.4\commons-collections4-4.4.jar;C:\Users\l&apos;x\.m2\repository\org\apache\commons\commons-math3\3.6.1\commons-math3-3.6.1.jar;C:\Users\l&apos;x\.m2\repository\commons-io\commons-io\2.11.0\commons-io-2.11.0.jar;C:\Users\l&apos;x\.m2\repository\com\zaxxer\SparseBitSet\1.2\SparseBitSet-1.2.jar;C:\Users\l&apos;x\.m2\repository\org\apache\logging\log4j\log4j-api\2.18.0\log4j-api-2.18.0.jar;C:\Users\l&apos;x\.m2\repository\com\fasterxml\jackson\core\jackson-databind\2.15.1\jackson-databind-2.15.1.jar;C:\Users\l&apos;x\.m2\repository\com\fasterxml\jackson\core\jackson-annotations\2.15.1\jackson-annotations-2.15.1.jar;C:\Users\l&apos;x\.m2\repository\com\fasterxml\jackson\core\jackson-core\2.15.1\jackson-core-2.15.1.jar;"/>
    <property name="java.vm.vendor" value="Oracle Corporation"/>
    <property name="sun.arch.data.model" value="64"/>
    <property name="user.variant" value=""/>
    <property name="java.vendor.url" value="https://java.oracle.com/"/>
    <property name="user.timezone" value="Asia/Shanghai"/>
    <property name="os.name" value="Windows 11"/>
    <property name="java.vm.specification.version" value="17"/>
    <property name="sun.java.launcher" value="SUN_STANDARD"/>
    <property name="user.country" value="CN"/>
    <property name="sun.boot.library.path" value="D:\Java\Java17\bin"/>
    <property name="sun.java.command" value="C:\Users\l&apos;x\AppData\Local\Temp\surefire1225940944064146184\surefirebooter15222868959580026124.jar C:\Users\l&apos;x\AppData\Local\Temp\surefire1225940944064146184 2025-06-26T16-06-22_348-jvmRun1 surefire896798650213913912tmp surefire_04433584403613924119tmp"/>
    <property name="jdk.debug" value="release"/>
    <property name="surefire.test.class.path" value="D:\ISCAS\myTools\FlowSlicer_with_experiments\FlowSlicer\target\test-classes;D:\ISCAS\myTools\FlowSlicer_with_experiments\FlowSlicer\target\classes;C:\Users\l&apos;x\.m2\repository\commons-cli\commons-cli\1.5.0\commons-cli-1.5.0.jar;C:\Users\l&apos;x\.m2\repository\de\fraunhofer\sit\sse\flowdroid\soot-infoflow\2.12.0\soot-infoflow-2.12.0.jar;C:\Users\l&apos;x\.m2\repository\de\upb\cs\swt\heros\1.2.3\heros-1.2.3.jar;C:\Users\l&apos;x\.m2\repository\org\functionaljava\functionaljava\4.2\functionaljava-4.2.jar;C:\Users\l&apos;x\.m2\repository\org\soot-oss\soot\4.4.1\soot-4.4.1.jar;C:\Users\l&apos;x\.m2\repository\org\smali\dexlib2\2.5.2\dexlib2-2.5.2.jar;C:\Users\l&apos;x\.m2\repository\org\ow2\asm\asm\9.4\asm-9.4.jar;C:\Users\l&apos;x\.m2\repository\org\ow2\asm\asm-tree\9.4\asm-tree-9.4.jar;C:\Users\l&apos;x\.m2\repository\org\ow2\asm\asm-util\9.4\asm-util-9.4.jar;C:\Users\l&apos;x\.m2\repository\org\ow2\asm\asm-analysis\9.4\asm-analysis-9.4.jar;C:\Users\l&apos;x\.m2\repository\org\ow2\asm\asm-commons\9.4\asm-commons-9.4.jar;C:\Users\l&apos;x\.m2\repository\xmlpull\xmlpull\1.1.3.4d_b4_min\xmlpull-1.1.3.4d_b4_min.jar;C:\Users\l&apos;x\.m2\repository\ca\mcgill\sable\polyglot\2006\polyglot-2006.jar;C:\Users\l&apos;x\.m2\repository\ca\mcgill\sable\jasmin\3.0.3\jasmin-3.0.3.jar;C:\Users\l&apos;x\.m2\repository\ca\mcgill\sable\java_cup\0.9.2\java_cup-0.9.2.jar;C:\Users\l&apos;x\.m2\repository\javax\annotation\javax.annotation-api\1.3.2\javax.annotation-api-1.3.2.jar;C:\Users\l&apos;x\.m2\repository\javax\xml\bind\jaxb-api\2.4.0-b180725.0427\jaxb-api-2.4.0-b180725.0427.jar;C:\Users\l&apos;x\.m2\repository\javax\activation\javax.activation-api\1.2.0\javax.activation-api-1.2.0.jar;C:\Users\l&apos;x\.m2\repository\org\glassfish\jaxb\jaxb-runtime\2.4.0-b180830.0438\jaxb-runtime-2.4.0-b180830.0438.jar;C:\Users\l&apos;x\.m2\repository\org\glassfish\jaxb\txw2\2.4.0-b180830.0438\txw2-2.4.0-b180830.0438.jar;C:\Users\l&apos;x\.m2\repository\com\sun\istack\istack-commons-runtime\3.0.7\istack-commons-runtime-3.0.7.jar;C:\Users\l&apos;x\.m2\repository\org\jvnet\staxex\stax-ex\1.8\stax-ex-1.8.jar;C:\Users\l&apos;x\.m2\repository\com\sun\xml\fastinfoset\FastInfoset\1.2.15\FastInfoset-1.2.15.jar;C:\Users\l&apos;x\.m2\repository\com\google\protobuf\protobuf-java-util\3.21.2\protobuf-java-util-3.21.2.jar;C:\Users\l&apos;x\.m2\repository\com\google\code\gson\gson\2.8.9\gson-2.8.9.jar;C:\Users\l&apos;x\.m2\repository\net\sf\trove4j\trove4j\3.0.3\trove4j-3.0.3.jar;C:\Users\l&apos;x\.m2\repository\com\google\guava\guava\31.1-jre\guava-31.1-jre.jar;C:\Users\l&apos;x\.m2\repository\com\google\guava\failureaccess\1.0.1\failureaccess-1.0.1.jar;C:\Users\l&apos;x\.m2\repository\com\google\guava\listenablefuture\9999.0-empty-to-avoid-conflict-with-guava\listenablefuture-9999.0-empty-to-avoid-conflict-with-guava.jar;C:\Users\l&apos;x\.m2\repository\org\checkerframework\checker-qual\3.12.0\checker-qual-3.12.0.jar;C:\Users\l&apos;x\.m2\repository\com\google\errorprone\error_prone_annotations\2.11.0\error_prone_annotations-2.11.0.jar;C:\Users\l&apos;x\.m2\repository\com\google\j2objc\j2objc-annotations\1.3\j2objc-annotations-1.3.jar;C:\Users\l&apos;x\.m2\repository\de\fraunhofer\sit\sse\flowdroid\soot-infoflow-summaries\2.12.0\soot-infoflow-summaries-2.12.0.jar;C:\Users\l&apos;x\.m2\repository\de\fraunhofer\sit\sse\flowdroid\soot-infoflow-android\2.12.0\soot-infoflow-android-2.12.0.jar;C:\Users\l&apos;x\.m2\repository\de\upb\cs\swt\axml\2.1.3\axml-2.1.3.jar;C:\Users\l&apos;x\.m2\repository\com\google\protobuf\protobuf-java\3.21.12\protobuf-java-3.21.12.jar;C:\Users\l&apos;x\.m2\repository\com\esotericsoftware\kryo\5.4.0\kryo-5.4.0.jar;C:\Users\l&apos;x\.m2\repository\com\esotericsoftware\reflectasm\1.11.9\reflectasm-1.11.9.jar;C:\Users\l&apos;x\.m2\repository\org\objenesis\objenesis\3.3\objenesis-3.3.jar;C:\Users\l&apos;x\.m2\repository\com\esotericsoftware\minlog\1.3.1\minlog-1.3.1.jar;C:\Users\l&apos;x\.m2\repository\com\sun\xml\bind\jaxb-impl\2.3.4\jaxb-impl-2.3.4.jar;C:\Users\l&apos;x\.m2\repository\jakarta\xml\bind\jakarta.xml.bind-api\2.3.3\jakarta.xml.bind-api-2.3.3.jar;C:\Users\l&apos;x\.m2\repository\com\sun\activation\jakarta.activation\1.2.2\jakarta.activation-1.2.2.jar;C:\Users\l&apos;x\.m2\repository\org\apache\commons\commons-lang3\3.12.0\commons-lang3-3.12.0.jar;C:\Users\l&apos;x\.m2\repository\junit\junit\4.13.2\junit-4.13.2.jar;C:\Users\l&apos;x\.m2\repository\org\hamcrest\hamcrest-core\1.3\hamcrest-core-1.3.jar;C:\Users\l&apos;x\.m2\repository\com\alibaba\fastjson\1.2.83\fastjson-1.2.83.jar;C:\Users\l&apos;x\.m2\repository\org\dom4j\dom4j\2.1.3\dom4j-2.1.3.jar;C:\Users\l&apos;x\.m2\repository\org\junit\jupiter\junit-jupiter\5.9.0\junit-jupiter-5.9.0.jar;C:\Users\l&apos;x\.m2\repository\org\junit\jupiter\junit-jupiter-params\5.9.0\junit-jupiter-params-5.9.0.jar;C:\Users\l&apos;x\.m2\repository\org\junit\jupiter\junit-jupiter-engine\5.9.0\junit-jupiter-engine-5.9.0.jar;C:\Users\l&apos;x\.m2\repository\org\junit\platform\junit-platform-engine\1.9.0\junit-platform-engine-1.9.0.jar;C:\Users\l&apos;x\.m2\repository\org\testng\testng\7.7.0\testng-7.7.0.jar;C:\Users\l&apos;x\.m2\repository\com\beust\jcommander\1.82\jcommander-1.82.jar;C:\Users\l&apos;x\.m2\repository\org\webjars\jquery\3.6.1\jquery-3.6.1.jar;C:\Users\l&apos;x\.m2\repository\org\projectlombok\lombok\1.18.28\lombok-1.18.28.jar;C:\Users\l&apos;x\.m2\repository\ch\qos\logback\logback-core\1.2.10\logback-core-1.2.10.jar;C:\Users\l&apos;x\.m2\repository\ch\qos\logback\logback-classic\1.2.10\logback-classic-1.2.10.jar;C:\Users\l&apos;x\.m2\repository\org\slf4j\slf4j-api\1.7.32\slf4j-api-1.7.32.jar;C:\Users\l&apos;x\.m2\repository\org\junit\jupiter\junit-jupiter-api\5.9.0\junit-jupiter-api-5.9.0.jar;C:\Users\l&apos;x\.m2\repository\org\opentest4j\opentest4j\1.2.0\opentest4j-1.2.0.jar;C:\Users\l&apos;x\.m2\repository\org\junit\platform\junit-platform-commons\1.9.0\junit-platform-commons-1.9.0.jar;C:\Users\l&apos;x\.m2\repository\org\apiguardian\apiguardian-api\1.1.2\apiguardian-api-1.1.2.jar;C:\Users\l&apos;x\.m2\repository\org\jetbrains\annotations\26.0.2\annotations-26.0.2.jar;C:\Users\l&apos;x\.m2\repository\guru\nidi\graphviz-java\0.18.1\graphviz-java-0.18.1.jar;C:\Users\l&apos;x\.m2\repository\org\webjars\npm\viz.js-graphviz-java\2.1.3\viz.js-graphviz-java-2.1.3.jar;C:\Users\l&apos;x\.m2\repository\guru\nidi\com\kitfox\svgSalamander\1.1.3\svgSalamander-1.1.3.jar;C:\Users\l&apos;x\.m2\repository\net\arnx\nashorn-promise\0.1.1\nashorn-promise-0.1.1.jar;C:\Users\l&apos;x\.m2\repository\org\apache\commons\commons-exec\1.3\commons-exec-1.3.jar;C:\Users\l&apos;x\.m2\repository\com\google\code\findbugs\jsr305\3.0.2\jsr305-3.0.2.jar;C:\Users\l&apos;x\.m2\repository\org\slf4j\jcl-over-slf4j\1.7.30\jcl-over-slf4j-1.7.30.jar;C:\Users\l&apos;x\.m2\repository\org\slf4j\jul-to-slf4j\1.7.30\jul-to-slf4j-1.7.30.jar;C:\Users\l&apos;x\.m2\repository\guru\nidi\com\eclipsesource\j2v8\j2v8_win32_x86_64\4.6.0\j2v8_win32_x86_64-4.6.0.jar;C:\Users\l&apos;x\.m2\repository\net\dongliu\apk-parser\2.6.10\apk-parser-2.6.10.jar;C:\Users\l&apos;x\.m2\repository\org\apache\poi\poi\5.2.3\poi-5.2.3.jar;C:\Users\l&apos;x\.m2\repository\commons-codec\commons-codec\1.15\commons-codec-1.15.jar;C:\Users\l&apos;x\.m2\repository\org\apache\commons\commons-collections4\4.4\commons-collections4-4.4.jar;C:\Users\l&apos;x\.m2\repository\org\apache\commons\commons-math3\3.6.1\commons-math3-3.6.1.jar;C:\Users\l&apos;x\.m2\repository\commons-io\commons-io\2.11.0\commons-io-2.11.0.jar;C:\Users\l&apos;x\.m2\repository\com\zaxxer\SparseBitSet\1.2\SparseBitSet-1.2.jar;C:\Users\l&apos;x\.m2\repository\org\apache\logging\log4j\log4j-api\2.18.0\log4j-api-2.18.0.jar;C:\Users\l&apos;x\.m2\repository\com\fasterxml\jackson\core\jackson-databind\2.15.1\jackson-databind-2.15.1.jar;C:\Users\l&apos;x\.m2\repository\com\fasterxml\jackson\core\jackson-annotations\2.15.1\jackson-annotations-2.15.1.jar;C:\Users\l&apos;x\.m2\repository\com\fasterxml\jackson\core\jackson-core\2.15.1\jackson-core-2.15.1.jar;"/>
    <property name="sun.cpu.endian" value="little"/>
    <property name="user.home" value="C:\Users\l&apos;x"/>
    <property name="user.language" value="zh"/>
    <property name="java.specification.vendor" value="Oracle Corporation"/>
    <property name="java.version.date" value="2024-01-16"/>
    <property name="java.home" value="D:\Java\Java17"/>
    <property name="file.separator" value="\"/>
    <property name="basedir" value="D:\ISCAS\myTools\FlowSlicer_with_experiments\FlowSlicer"/>
    <property name="java.vm.compressedOopsMode" value="Zero based"/>
    <property name="line.separator" value="&#10;"/>
    <property name="java.vm.specification.vendor" value="Oracle Corporation"/>
    <property name="java.specification.name" value="Java Platform API Specification"/>
    <property name="surefire.real.class.path" value="C:\Users\l&apos;x\AppData\Local\Temp\surefire1225940944064146184\surefirebooter15222868959580026124.jar"/>
    <property name="user.script" value=""/>
    <property name="sun.management.compiler" value="HotSpot 64-Bit Tiered Compilers"/>
    <property name="java.runtime.version" value="17.0.10+11-LTS-240"/>
    <property name="user.name" value="l&apos;x"/>
    <property name="path.separator" value=";"/>
    <property name="os.version" value="10.0"/>
    <property name="java.runtime.name" value="Java(TM) SE Runtime Environment"/>
    <property name="file.encoding" value="UTF-8"/>
    <property name="java.vm.name" value="Java HotSpot(TM) 64-Bit Server VM"/>
    <property name="localRepository" value="C:\Users\l&apos;x\.m2\repository"/>
    <property name="java.vendor.url.bug" value="https://bugreport.java.com/bugreport/"/>
    <property name="java.io.tmpdir" value="C:\Users\l&apos;x\AppData\Local\Temp\"/>
    <property name="idea.version" value="2023.2.2"/>
    <property name="java.version" value="17.0.10"/>
    <property name="user.dir" value="D:\ISCAS\myTools\FlowSlicer_with_experiments\FlowSlicer"/>
    <property name="os.arch" value="amd64"/>
    <property name="java.vm.specification.name" value="Java Virtual Machine Specification"/>
    <property name="sun.os.patch.level" value=""/>
    <property name="native.encoding" value="UTF-8"/>
    <property name="java.library.path" value="D:\Java\Java17\bin;C:\Windows\Sun\Java\bin;C:\Windows\system32;C:\Windows;C:\Program Files (x86)\Razer Chroma SDK\bin;C:\Program Files\Razer Chroma SDK\bin;C:\Windows\system32;C:\Windows;C:\Windows\System32\Wbem;C:\Windows\System32\WindowsPowerShell\v1.0\;C:\Windows\System32\OpenSSH\;C:\Program Files (x86)\NVIDIA Corporation\PhysX\Common;D:\Git\Git\cmd;E:\Anaconda;E:\Anaconda\Library\bin;E:\Anaconda\Scripts;E:\Anaconda\Library\usr\bin;E:\Anaconda\Library\mingw-w64\bin;E:\Graphviz\bin;E:\adb\platform-tools;D:\Java\Java17\bin;D:\CodeQL\codeql;C:\Program Files\NVIDIA Corporation\NVIDIA app\NvDLISR;C:\Windows\system32\config\systemprofile\AppData\Local\Microsoft\WindowsApps;C:\Program Files (x86)\Razer\ChromaBroadcast\bin;C:\Program Files\Razer\ChromaBroadcast\bin;D:\Python\Scripts\;D:\Python\;C:\Users\l&apos;x\AppData\Local\Microsoft\WindowsApps;D:\Maven\apache-maven-3.9.5\bin;C:\Users\l&apos;x\AppData\Local\Pandoc\;E:\MIKTex\miktex\miktex\bin\x64\;D:\VSCode\Microsoft VS Code\bin;D:\Java\JavaCC\javacc-javacc-7.0.13\scripts;D:\Nodejs\;D:\Python\Scripts\;D:\Python\;C:\Users\l&apos;x\AppData\Local\Microsoft\WindowsApps;D:\Maven\apache-maven-3.9.5\bin;C:\Users\l&apos;x\AppData\Local\Pandoc\;E:\MIKTex\miktex\miktex\bin\x64\;D:\Applications\vscode\Microsoft VS Code\bin;C:\Users\l&apos;x\AppData\Roaming\npm;."/>
    <property name="java.vm.info" value="mixed mode, sharing"/>
    <property name="java.vendor" value="Oracle Corporation"/>
    <property name="java.vm.version" value="17.0.10+11-LTS-240"/>
    <property name="sun.io.unicode.encoding" value="UnicodeLittle"/>
    <property name="java.class.version" value="61.0"/>
  </properties>
  <testcase name="testRain on testRain(FlowDroid.RainTest)" classname="FlowDroid.RainTest" time="0.002"/>
</testsuite>