<?xml version="1.0" encoding="UTF-8"?>
<!-- Generated by org.testng.reporters.JUnitReportReporter -->
<testsuite hostname="LAPTOP-TP72MPE2" failures="0" tests="1" name="FlowDroid.RainTest" time="0.009" errors="0" timestamp="2025-05-28T12:43:19 CST" skipped="0">
  <testcase classname="FlowDroid.RainTest" name="testRain" time="0.009"/>
  <system-out/>
</testsuite> <!-- FlowDroid.RainTest -->
